<?xml version="1.0" encoding="UTF-8"?>
<testsuite xmlns:xsi="http://www.w3.org/2001/XMLSchema-instance" xsi:noNamespaceSchemaLocation="https://maven.apache.org/surefire/maven-surefire-plugin/xsd/surefire-test-report-3.0.xsd" version="3.0" name="hellocucumber.hellocucumber.RunCucumberTest" time="4.233" tests="1" errors="0" skipped="0" failures="0">
  <properties>
[...]
</properties>
  <testcase name="Opens CranberryEagle website and subscribes with dummy data." classname="Testing Selenium and Cucumber Setup" time="4.128">
    <system-out><![CDATA[
@tag @tag1
Scenario: Opens CranberryEagle website and subscribes with dummy data. &amp#27;[90m# hellocucumber/hellocucumber/example.feature:6&amp#27;[0m
This Step opens Chrome and navigates to a site
  &amp#27;[32mGiven &amp#27;[0m&amp#27;[32mOpen Chrome and navigate to a site&amp#27;[0m                             &amp#27;[90m# hellocucumber.hellocucumber.StepDefinitions.open_chrome_and_navigate_to_site()&amp#27;[0m
This section will scroll down the page.
  &amp#27;[32mWhen &amp#27;[0m&amp#27;[32mEnter the email address and first name&amp#27;[0m                          &amp#27;[90m# hellocucumber.hellocucumber.StepDefinitions.enter_the_Email_and_First_Name()&amp#27;[0m
This step enters the Email and First Name fields on the homepage.
  &amp#27;[32mThen &amp#27;[0m&amp#27;[32mScrolls down the page and clicks on the link at the bottom&amp#27;[0m      &amp#27;[90m# hellocucumber.hellocucumber.StepDefinitions.Scroll_Down_The_Page(io.cucumber.datatable.DataTable)&amp#27;[0m
    | fName  | lName  | userEmail       |
    | Janie  | Smith  | test1@test1.com |
    | Jimmie | Smith2 | test2@test2.com |
    | Joey   | Smith3 | test3@test3.com |
    | Hazel  | Smith4 | test4@test4.com |
]]></system-out>
    <system-err><![CDATA[Starting ChromeDriver 103.0.5060.53 (a1711811edd74ff1cf2150f36ffa3b0dae40b17f-refs/branch-heads/5060@{#853}) on port 50699
Only local connections are allowed.
Please see https://chromedriver.chromium.org/security-considerations for suggestions on keeping ChromeDriver safe.
ChromeDriver was started successfully.
[1661349028.855][WARNING]: This version of ChromeDriver has not been tested with Chrome version 104.
]]></system-err>
  </testcase>
</testsuite>